\BOOKMARK [1][-]{section.1}{Introduction}{}% 1
\BOOKMARK [1][-]{section.2}{Models and Reference Frames}{}% 2
\BOOKMARK [2][-]{subsection.2.1}{The motion model}{section.2}% 3
\BOOKMARK [2][-]{subsection.2.2}{The inverse observation model}{section.2}% 4
\BOOKMARK [2][-]{subsection.2.3}{The \(direct\) observation model}{section.2}% 5
\BOOKMARK [1][-]{section.3}{Extended Kalman Filter Phases}{}% 6
\BOOKMARK [2][-]{subsection.3.1}{The system state}{section.3}% 7
\BOOKMARK [3][-]{subsubsection.3.1.1}{The initial state}{subsection.3.1}% 8
\BOOKMARK [2][-]{subsection.3.2}{Handling the noise}{section.3}% 9
\BOOKMARK [3][-]{subsubsection.3.2.1}{The system noise}{subsection.3.2}% 10
\BOOKMARK [3][-]{subsubsection.3.2.2}{The observation noise}{subsection.3.2}% 11
\BOOKMARK [2][-]{subsection.3.3}{The prediction phase}{section.3}% 12
\BOOKMARK [2][-]{subsection.3.4}{The observation phase}{section.3}% 13
\BOOKMARK [2][-]{subsection.3.5}{The correction phase}{section.3}% 14
\BOOKMARK [2][-]{subsection.3.6}{The recognition phase}{section.3}% 15
\BOOKMARK [2][-]{subsection.3.7}{Extending the system state with a new landmark}{section.3}% 16
\BOOKMARK [1][-]{section.4}{Algorithm for Simultaneous Localization And Mapping}{}% 17
\BOOKMARK [1][-]{appendix.A}{Mathematical background}{}% 18
\BOOKMARK [2][-]{subsection.A.1}{Affine transformations on the plane}{appendix.A}% 19
\BOOKMARK [2][-]{subsection.A.2}{Multivariate normal distribution}{appendix.A}% 20
\BOOKMARK [2][-]{subsection.A.3}{Linearization of vectorial function}{appendix.A}% 21
\BOOKMARK [2][-]{subsection.A.4}{Mahalonobis Distance}{appendix.A}% 22
\BOOKMARK [2][-]{subsection.A.5}{Differential drive}{appendix.A}% 23
